<?xml version="1.0" encoding="UTF-8"?>
<testng-results ignored="0" total="21" passed="20" failed="1" skipped="0">
  <reporter-output>
  </reporter-output>
  <suite started-at="2023-03-07T13:07:54 ACDT" name="Suite" finished-at="2023-03-07T13:16:11 ACDT" duration-ms="497374">
    <groups>
    </groups>
    <test started-at="2023-03-07T13:07:54 ACDT" name="Test" finished-at="2023-03-07T13:16:11 ACDT" duration-ms="497374">
      <class name="com.edusoln.runner.TestNGRunner">
        <test-method is-config="true" signature="beforeTest()[pri:0, instance:com.edusoln.runner.TestNGRunner@6e521c1e]" started-at="2023-03-07T13:07:54 ACDT" name="beforeTest" finished-at="2023-03-07T13:07:54 ACDT" duration-ms="206" status="PASS">
          <reporter-output>
          </reporter-output>
        </test-method> <!-- beforeTest -->
        <test-method is-config="true" signature="browserSetUp()[pri:0, instance:com.edusoln.runner.TestNGRunner@6e521c1e]" started-at="2023-03-07T13:07:54 ACDT" name="browserSetUp" finished-at="2023-03-07T13:07:58 ACDT" duration-ms="3441" status="PASS">
          <reporter-output>
          </reporter-output>
        </test-method> <!-- browserSetUp -->
        <test-method signature="test()[pri:0, instance:com.edusoln.runner.TestNGRunner@6e521c1e]" started-at="2023-03-07T13:07:58 ACDT" name="test" finished-at="2023-03-07T13:08:00 ACDT" duration-ms="2393" status="PASS">
          <reporter-output>
          </reporter-output>
        </test-method> <!-- test -->
        <test-method is-config="true" signature="tearDown()[pri:0, instance:com.edusoln.runner.TestNGRunner@6e521c1e]" started-at="2023-03-07T13:08:00 ACDT" name="tearDown" finished-at="2023-03-07T13:08:00 ACDT" duration-ms="246" status="PASS">
          <reporter-output>
          </reporter-output>
        </test-method> <!-- tearDown -->
        <test-method is-config="true" signature="browserSetUp()[pri:0, instance:com.edusoln.runner.TestNGRunner@6e521c1e]" started-at="2023-03-07T13:08:00 ACDT" name="browserSetUp" finished-at="2023-03-07T13:08:03 ACDT" duration-ms="2420" status="PASS">
          <reporter-output>
          </reporter-output>
        </test-method> <!-- browserSetUp -->
        <test-method signature="test2()[pri:1, instance:com.edusoln.runner.TestNGRunner@6e521c1e]" started-at="2023-03-07T13:08:03 ACDT" name="test2" finished-at="2023-03-07T13:08:13 ACDT" duration-ms="10293" status="PASS">
          <reporter-output>
          </reporter-output>
        </test-method> <!-- test2 -->
        <test-method is-config="true" signature="tearDown()[pri:0, instance:com.edusoln.runner.TestNGRunner@6e521c1e]" started-at="2023-03-07T13:08:13 ACDT" name="tearDown" finished-at="2023-03-07T13:08:13 ACDT" duration-ms="235" status="PASS">
          <reporter-output>
          </reporter-output>
        </test-method> <!-- tearDown -->
        <test-method is-config="true" signature="browserSetUp()[pri:0, instance:com.edusoln.runner.TestNGRunner@6e521c1e]" started-at="2023-03-07T13:08:13 ACDT" name="browserSetUp" finished-at="2023-03-07T13:08:16 ACDT" duration-ms="2676" status="PASS">
          <reporter-output>
          </reporter-output>
        </test-method> <!-- browserSetUp -->
        <test-method signature="test3()[pri:2, instance:com.edusoln.runner.TestNGRunner@6e521c1e]" started-at="2023-03-07T13:08:16 ACDT" name="test3" finished-at="2023-03-07T13:09:29 ACDT" duration-ms="72629" status="PASS">
          <reporter-output>
          </reporter-output>
        </test-method> <!-- test3 -->
        <test-method is-config="true" signature="tearDown()[pri:0, instance:com.edusoln.runner.TestNGRunner@6e521c1e]" started-at="2023-03-07T13:09:29 ACDT" name="tearDown" finished-at="2023-03-07T13:09:29 ACDT" duration-ms="306" status="PASS">
          <reporter-output>
          </reporter-output>
        </test-method> <!-- tearDown -->
        <test-method is-config="true" signature="browserSetUp()[pri:0, instance:com.edusoln.runner.TestNGRunner@6e521c1e]" started-at="2023-03-07T13:09:30 ACDT" name="browserSetUp" finished-at="2023-03-07T13:09:32 ACDT" duration-ms="2084" status="PASS">
          <reporter-output>
          </reporter-output>
        </test-method> <!-- browserSetUp -->
        <test-method signature="test4(java.util.Map)[pri:3, instance:com.edusoln.runner.TestNGRunner@6e521c1e]" started-at="2023-03-07T13:09:32 ACDT" name="test4" data-provider="dp" finished-at="2023-03-07T13:09:50 ACDT" duration-ms="18271" status="PASS">
          <params>
            <param index="0">
              <value>
                <![CDATA[{EmailID=vrshholkar@gmail.com, LastName=holkar, Pass=Varsha@123, Gmail_url=https://mail.google.com/, FirstName=varsha}]]>
              </value>
            </param>
          </params>
          <reporter-output>
          </reporter-output>
        </test-method> <!-- test4 -->
        <test-method is-config="true" signature="tearDown()[pri:0, instance:com.edusoln.runner.TestNGRunner@6e521c1e]" started-at="2023-03-07T13:09:50 ACDT" name="tearDown" finished-at="2023-03-07T13:09:50 ACDT" duration-ms="253" status="PASS">
          <reporter-output>
          </reporter-output>
        </test-method> <!-- tearDown -->
        <test-method is-config="true" signature="browserSetUp()[pri:0, instance:com.edusoln.runner.TestNGRunner@6e521c1e]" started-at="2023-03-07T13:09:50 ACDT" name="browserSetUp" finished-at="2023-03-07T13:09:53 ACDT" duration-ms="2798" status="PASS">
          <reporter-output>
          </reporter-output>
        </test-method> <!-- browserSetUp -->
        <test-method signature="test5()[pri:4, instance:com.edusoln.runner.TestNGRunner@6e521c1e]" started-at="2023-03-07T13:09:53 ACDT" name="test5" finished-at="2023-03-07T13:10:09 ACDT" duration-ms="16001" status="PASS">
          <reporter-output>
          </reporter-output>
        </test-method> <!-- test5 -->
        <test-method is-config="true" signature="tearDown()[pri:0, instance:com.edusoln.runner.TestNGRunner@6e521c1e]" started-at="2023-03-07T13:10:09 ACDT" name="tearDown" finished-at="2023-03-07T13:10:09 ACDT" duration-ms="186" status="PASS">
          <reporter-output>
          </reporter-output>
        </test-method> <!-- tearDown -->
        <test-method is-config="true" signature="browserSetUp()[pri:0, instance:com.edusoln.runner.TestNGRunner@6e521c1e]" started-at="2023-03-07T13:10:09 ACDT" name="browserSetUp" finished-at="2023-03-07T13:10:11 ACDT" duration-ms="2222" status="PASS">
          <reporter-output>
          </reporter-output>
        </test-method> <!-- browserSetUp -->
        <test-method signature="test6()[pri:5, instance:com.edusoln.runner.TestNGRunner@6e521c1e]" started-at="2023-03-07T13:10:11 ACDT" name="test6" finished-at="2023-03-07T13:10:14 ACDT" duration-ms="2260" status="PASS">
          <reporter-output>
          </reporter-output>
        </test-method> <!-- test6 -->
        <test-method is-config="true" signature="tearDown()[pri:0, instance:com.edusoln.runner.TestNGRunner@6e521c1e]" started-at="2023-03-07T13:10:14 ACDT" name="tearDown" finished-at="2023-03-07T13:10:14 ACDT" duration-ms="186" status="PASS">
          <reporter-output>
          </reporter-output>
        </test-method> <!-- tearDown -->
        <test-method is-config="true" signature="browserSetUp()[pri:0, instance:com.edusoln.runner.TestNGRunner@6e521c1e]" started-at="2023-03-07T13:10:14 ACDT" name="browserSetUp" finished-at="2023-03-07T13:10:16 ACDT" duration-ms="2562" status="PASS">
          <reporter-output>
          </reporter-output>
        </test-method> <!-- browserSetUp -->
        <test-method signature="test7(java.util.Map)[pri:6, instance:com.edusoln.runner.TestNGRunner@6e521c1e]" started-at="2023-03-07T13:10:16 ACDT" name="test7" data-provider="dp1" finished-at="2023-03-07T13:10:25 ACDT" duration-ms="8741" status="PASS">
          <params>
            <param index="0">
              <value>
                <![CDATA[{Name=Amitabh Bachchan}]]>
              </value>
            </param>
          </params>
          <reporter-output>
          </reporter-output>
        </test-method> <!-- test7 -->
        <test-method is-config="true" signature="tearDown()[pri:0, instance:com.edusoln.runner.TestNGRunner@6e521c1e]" started-at="2023-03-07T13:10:25 ACDT" name="tearDown" finished-at="2023-03-07T13:10:25 ACDT" duration-ms="183" status="PASS">
          <reporter-output>
          </reporter-output>
        </test-method> <!-- tearDown -->
        <test-method is-config="true" signature="browserSetUp()[pri:0, instance:com.edusoln.runner.TestNGRunner@6e521c1e]" started-at="2023-03-07T13:10:25 ACDT" name="browserSetUp" finished-at="2023-03-07T13:10:28 ACDT" duration-ms="2312" status="PASS">
          <reporter-output>
          </reporter-output>
        </test-method> <!-- browserSetUp -->
        <test-method signature="test7(java.util.Map)[pri:6, instance:com.edusoln.runner.TestNGRunner@6e521c1e]" started-at="2023-03-07T13:10:28 ACDT" name="test7" data-provider="dp1" finished-at="2023-03-07T13:10:36 ACDT" duration-ms="8365" status="PASS">
          <params>
            <param index="0">
              <value>
                <![CDATA[{Name=Jaya Bachchan}]]>
              </value>
            </param>
          </params>
          <reporter-output>
          </reporter-output>
        </test-method> <!-- test7 -->
        <test-method is-config="true" signature="tearDown()[pri:0, instance:com.edusoln.runner.TestNGRunner@6e521c1e]" started-at="2023-03-07T13:10:36 ACDT" name="tearDown" finished-at="2023-03-07T13:10:36 ACDT" duration-ms="230" status="PASS">
          <reporter-output>
          </reporter-output>
        </test-method> <!-- tearDown -->
        <test-method is-config="true" signature="browserSetUp()[pri:0, instance:com.edusoln.runner.TestNGRunner@6e521c1e]" started-at="2023-03-07T13:10:36 ACDT" name="browserSetUp" finished-at="2023-03-07T13:10:39 ACDT" duration-ms="2369" status="PASS">
          <reporter-output>
          </reporter-output>
        </test-method> <!-- browserSetUp -->
        <test-method signature="test8(java.util.Map)[pri:7, instance:com.edusoln.runner.TestNGRunner@6e521c1e]" started-at="2023-03-07T13:10:39 ACDT" name="test8" data-provider="dp2" finished-at="2023-03-07T13:10:55 ACDT" duration-ms="16567" status="PASS">
          <params>
            <param index="0">
              <value>
                <![CDATA[{PName=Youtube}]]>
              </value>
            </param>
          </params>
          <reporter-output>
          </reporter-output>
        </test-method> <!-- test8 -->
        <test-method is-config="true" signature="tearDown()[pri:0, instance:com.edusoln.runner.TestNGRunner@6e521c1e]" started-at="2023-03-07T13:10:55 ACDT" name="tearDown" finished-at="2023-03-07T13:10:55 ACDT" duration-ms="245" status="PASS">
          <reporter-output>
          </reporter-output>
        </test-method> <!-- tearDown -->
        <test-method is-config="true" signature="browserSetUp()[pri:0, instance:com.edusoln.runner.TestNGRunner@6e521c1e]" started-at="2023-03-07T13:10:56 ACDT" name="browserSetUp" finished-at="2023-03-07T13:10:58 ACDT" duration-ms="2207" status="PASS">
          <reporter-output>
          </reporter-output>
        </test-method> <!-- browserSetUp -->
        <test-method signature="test9(java.util.Map)[pri:8, instance:com.edusoln.runner.TestNGRunner@6e521c1e]" started-at="2023-03-07T13:10:58 ACDT" name="test9" data-provider="dp" finished-at="2023-03-07T13:11:12 ACDT" duration-ms="14604" status="PASS">
          <params>
            <param index="0">
              <value>
                <![CDATA[{EmailID=vrshholkar@gmail.com, LastName=holkar, Pass=Varsha@123, Gmail_url=https://mail.google.com/, FirstName=varsha}]]>
              </value>
            </param>
          </params>
          <reporter-output>
          </reporter-output>
        </test-method> <!-- test9 -->
        <test-method is-config="true" signature="tearDown()[pri:0, instance:com.edusoln.runner.TestNGRunner@6e521c1e]" started-at="2023-03-07T13:11:12 ACDT" name="tearDown" finished-at="2023-03-07T13:11:13 ACDT" duration-ms="251" status="PASS">
          <reporter-output>
          </reporter-output>
        </test-method> <!-- tearDown -->
        <test-method is-config="true" signature="browserSetUp()[pri:0, instance:com.edusoln.runner.TestNGRunner@6e521c1e]" started-at="2023-03-07T13:11:13 ACDT" name="browserSetUp" finished-at="2023-03-07T13:11:15 ACDT" duration-ms="2611" status="PASS">
          <reporter-output>
          </reporter-output>
        </test-method> <!-- browserSetUp -->
        <test-method signature="test10(java.util.Map)[pri:9, instance:com.edusoln.runner.TestNGRunner@6e521c1e]" started-at="2023-03-07T13:11:15 ACDT" name="test10" data-provider="dp" finished-at="2023-03-07T13:11:35 ACDT" duration-ms="19881" status="PASS">
          <params>
            <param index="0">
              <value>
                <![CDATA[{EmailID=vrshholkar@gmail.com, LastName=holkar, Pass=Varsha@123, Gmail_url=https://mail.google.com/, FirstName=varsha}]]>
              </value>
            </param>
          </params>
          <reporter-output>
          </reporter-output>
        </test-method> <!-- test10 -->
        <test-method is-config="true" signature="tearDown()[pri:0, instance:com.edusoln.runner.TestNGRunner@6e521c1e]" started-at="2023-03-07T13:11:35 ACDT" name="tearDown" finished-at="2023-03-07T13:11:35 ACDT" duration-ms="190" status="PASS">
          <reporter-output>
          </reporter-output>
        </test-method> <!-- tearDown -->
        <test-method is-config="true" signature="browserSetUp()[pri:0, instance:com.edusoln.runner.TestNGRunner@6e521c1e]" started-at="2023-03-07T13:11:35 ACDT" name="browserSetUp" finished-at="2023-03-07T13:11:38 ACDT" duration-ms="2578" status="PASS">
          <reporter-output>
          </reporter-output>
        </test-method> <!-- browserSetUp -->
        <test-method signature="test11(java.util.Map)[pri:10, instance:com.edusoln.runner.TestNGRunner@6e521c1e]" started-at="2023-03-07T13:11:38 ACDT" name="test11" data-provider="dp" finished-at="2023-03-07T13:11:57 ACDT" duration-ms="19262" status="PASS">
          <params>
            <param index="0">
              <value>
                <![CDATA[{EmailID=vrshholkar@gmail.com, LastName=holkar, Pass=Varsha@123, Gmail_url=https://mail.google.com/, FirstName=varsha}]]>
              </value>
            </param>
          </params>
          <reporter-output>
          </reporter-output>
        </test-method> <!-- test11 -->
        <test-method is-config="true" signature="tearDown()[pri:0, instance:com.edusoln.runner.TestNGRunner@6e521c1e]" started-at="2023-03-07T13:11:57 ACDT" name="tearDown" finished-at="2023-03-07T13:11:57 ACDT" duration-ms="241" status="PASS">
          <reporter-output>
          </reporter-output>
        </test-method> <!-- tearDown -->
        <test-method is-config="true" signature="browserSetUp()[pri:0, instance:com.edusoln.runner.TestNGRunner@6e521c1e]" started-at="2023-03-07T13:11:57 ACDT" name="browserSetUp" finished-at="2023-03-07T13:12:00 ACDT" duration-ms="2578" status="PASS">
          <reporter-output>
          </reporter-output>
        </test-method> <!-- browserSetUp -->
        <test-method signature="test12(java.util.Map)[pri:11, instance:com.edusoln.runner.TestNGRunner@6e521c1e]" started-at="2023-03-07T13:12:00 ACDT" name="test12" data-provider="dp" finished-at="2023-03-07T13:12:21 ACDT" duration-ms="20579" status="PASS">
          <params>
            <param index="0">
              <value>
                <![CDATA[{EmailID=vrshholkar@gmail.com, LastName=holkar, Pass=Varsha@123, Gmail_url=https://mail.google.com/, FirstName=varsha}]]>
              </value>
            </param>
          </params>
          <reporter-output>
          </reporter-output>
        </test-method> <!-- test12 -->
        <test-method is-config="true" signature="tearDown()[pri:0, instance:com.edusoln.runner.TestNGRunner@6e521c1e]" started-at="2023-03-07T13:12:21 ACDT" name="tearDown" finished-at="2023-03-07T13:12:21 ACDT" duration-ms="188" status="PASS">
          <reporter-output>
          </reporter-output>
        </test-method> <!-- tearDown -->
        <test-method is-config="true" signature="browserSetUp()[pri:0, instance:com.edusoln.runner.TestNGRunner@6e521c1e]" started-at="2023-03-07T13:12:21 ACDT" name="browserSetUp" finished-at="2023-03-07T13:12:23 ACDT" duration-ms="2556" status="PASS">
          <reporter-output>
          </reporter-output>
        </test-method> <!-- browserSetUp -->
        <test-method signature="test13(java.util.Map)[pri:12, instance:com.edusoln.runner.TestNGRunner@6e521c1e]" started-at="2023-03-07T13:12:23 ACDT" name="test13" data-provider="dp" finished-at="2023-03-07T13:12:43 ACDT" duration-ms="19491" status="PASS">
          <params>
            <param index="0">
              <value>
                <![CDATA[{EmailID=vrshholkar@gmail.com, LastName=holkar, Pass=Varsha@123, Gmail_url=https://mail.google.com/, FirstName=varsha}]]>
              </value>
            </param>
          </params>
          <reporter-output>
          </reporter-output>
        </test-method> <!-- test13 -->
        <test-method is-config="true" signature="tearDown()[pri:0, instance:com.edusoln.runner.TestNGRunner@6e521c1e]" started-at="2023-03-07T13:12:43 ACDT" name="tearDown" finished-at="2023-03-07T13:12:43 ACDT" duration-ms="246" status="PASS">
          <reporter-output>
          </reporter-output>
        </test-method> <!-- tearDown -->
        <test-method is-config="true" signature="browserSetUp()[pri:0, instance:com.edusoln.runner.TestNGRunner@6e521c1e]" started-at="2023-03-07T13:12:43 ACDT" name="browserSetUp" finished-at="2023-03-07T13:12:46 ACDT" duration-ms="2611" status="PASS">
          <reporter-output>
          </reporter-output>
        </test-method> <!-- browserSetUp -->
        <test-method signature="test14(java.util.Map)[pri:13, instance:com.edusoln.runner.TestNGRunner@6e521c1e]" started-at="2023-03-07T13:12:46 ACDT" name="test14" data-provider="dp" finished-at="2023-03-07T13:13:16 ACDT" duration-ms="30079" status="PASS">
          <params>
            <param index="0">
              <value>
                <![CDATA[{EmailID=vrshholkar@gmail.com, LastName=holkar, Pass=Varsha@123, Gmail_url=https://mail.google.com/, FirstName=varsha}]]>
              </value>
            </param>
          </params>
          <reporter-output>
          </reporter-output>
        </test-method> <!-- test14 -->
        <test-method is-config="true" signature="tearDown()[pri:0, instance:com.edusoln.runner.TestNGRunner@6e521c1e]" started-at="2023-03-07T13:13:16 ACDT" name="tearDown" finished-at="2023-03-07T13:13:16 ACDT" duration-ms="239" status="PASS">
          <reporter-output>
          </reporter-output>
        </test-method> <!-- tearDown -->
        <test-method is-config="true" signature="browserSetUp()[pri:0, instance:com.edusoln.runner.TestNGRunner@6e521c1e]" started-at="2023-03-07T13:13:16 ACDT" name="browserSetUp" finished-at="2023-03-07T13:13:18 ACDT" duration-ms="2293" status="PASS">
          <reporter-output>
          </reporter-output>
        </test-method> <!-- browserSetUp -->
        <test-method signature="test15(java.util.Map)[pri:14, instance:com.edusoln.runner.TestNGRunner@6e521c1e]" started-at="2023-03-07T13:13:18 ACDT" name="test15" data-provider="dp" finished-at="2023-03-07T13:13:38 ACDT" duration-ms="19695" status="PASS">
          <params>
            <param index="0">
              <value>
                <![CDATA[{EmailID=vrshholkar@gmail.com, LastName=holkar, Pass=Varsha@123, Gmail_url=https://mail.google.com/, FirstName=varsha}]]>
              </value>
            </param>
          </params>
          <reporter-output>
          </reporter-output>
        </test-method> <!-- test15 -->
        <test-method is-config="true" signature="tearDown()[pri:0, instance:com.edusoln.runner.TestNGRunner@6e521c1e]" started-at="2023-03-07T13:13:38 ACDT" name="tearDown" finished-at="2023-03-07T13:13:38 ACDT" duration-ms="264" status="PASS">
          <reporter-output>
          </reporter-output>
        </test-method> <!-- tearDown -->
        <test-method is-config="true" signature="browserSetUp()[pri:0, instance:com.edusoln.runner.TestNGRunner@6e521c1e]" started-at="2023-03-07T13:13:38 ACDT" name="browserSetUp" finished-at="2023-03-07T13:13:41 ACDT" duration-ms="2491" status="PASS">
          <reporter-output>
          </reporter-output>
        </test-method> <!-- browserSetUp -->
        <test-method signature="test16(java.util.Map)[pri:15, instance:com.edusoln.runner.TestNGRunner@6e521c1e]" started-at="2023-03-07T13:13:41 ACDT" name="test16" data-provider="dp" finished-at="2023-03-07T13:14:00 ACDT" duration-ms="19458" status="PASS">
          <params>
            <param index="0">
              <value>
                <![CDATA[{EmailID=vrshholkar@gmail.com, LastName=holkar, Pass=Varsha@123, Gmail_url=https://mail.google.com/, FirstName=varsha}]]>
              </value>
            </param>
          </params>
          <reporter-output>
          </reporter-output>
        </test-method> <!-- test16 -->
        <test-method is-config="true" signature="tearDown()[pri:0, instance:com.edusoln.runner.TestNGRunner@6e521c1e]" started-at="2023-03-07T13:14:00 ACDT" name="tearDown" finished-at="2023-03-07T13:14:01 ACDT" duration-ms="241" status="PASS">
          <reporter-output>
          </reporter-output>
        </test-method> <!-- tearDown -->
        <test-method is-config="true" signature="browserSetUp()[pri:0, instance:com.edusoln.runner.TestNGRunner@6e521c1e]" started-at="2023-03-07T13:14:01 ACDT" name="browserSetUp" finished-at="2023-03-07T13:14:03 ACDT" duration-ms="2730" status="PASS">
          <reporter-output>
          </reporter-output>
        </test-method> <!-- browserSetUp -->
        <test-method signature="test17(java.util.Map)[pri:16, instance:com.edusoln.runner.TestNGRunner@6e521c1e]" started-at="2023-03-07T13:14:03 ACDT" name="test17" data-provider="dp" finished-at="2023-03-07T13:14:27 ACDT" duration-ms="24143" status="PASS">
          <params>
            <param index="0">
              <value>
                <![CDATA[{EmailID=vrshholkar@gmail.com, LastName=holkar, Pass=Varsha@123, Gmail_url=https://mail.google.com/, FirstName=varsha}]]>
              </value>
            </param>
          </params>
          <reporter-output>
          </reporter-output>
        </test-method> <!-- test17 -->
        <test-method is-config="true" signature="tearDown()[pri:0, instance:com.edusoln.runner.TestNGRunner@6e521c1e]" started-at="2023-03-07T13:14:27 ACDT" name="tearDown" finished-at="2023-03-07T13:14:28 ACDT" duration-ms="240" status="PASS">
          <reporter-output>
          </reporter-output>
        </test-method> <!-- tearDown -->
        <test-method is-config="true" signature="browserSetUp()[pri:0, instance:com.edusoln.runner.TestNGRunner@6e521c1e]" started-at="2023-03-07T13:14:28 ACDT" name="browserSetUp" finished-at="2023-03-07T13:14:31 ACDT" duration-ms="2959" status="PASS">
          <reporter-output>
          </reporter-output>
        </test-method> <!-- browserSetUp -->
        <test-method signature="test18(java.util.Map)[pri:17, instance:com.edusoln.runner.TestNGRunner@6e521c1e]" started-at="2023-03-07T13:14:31 ACDT" name="test18" data-provider="dp" finished-at="2023-03-07T13:15:04 ACDT" duration-ms="33664" status="PASS">
          <params>
            <param index="0">
              <value>
                <![CDATA[{EmailID=vrshholkar@gmail.com, LastName=holkar, Pass=Varsha@123, Gmail_url=https://mail.google.com/, FirstName=varsha}]]>
              </value>
            </param>
          </params>
          <reporter-output>
          </reporter-output>
        </test-method> <!-- test18 -->
        <test-method is-config="true" signature="tearDown()[pri:0, instance:com.edusoln.runner.TestNGRunner@6e521c1e]" started-at="2023-03-07T13:15:04 ACDT" name="tearDown" finished-at="2023-03-07T13:15:05 ACDT" duration-ms="643" status="PASS">
          <reporter-output>
          </reporter-output>
        </test-method> <!-- tearDown -->
        <test-method is-config="true" signature="browserSetUp()[pri:0, instance:com.edusoln.runner.TestNGRunner@6e521c1e]" started-at="2023-03-07T13:15:05 ACDT" name="browserSetUp" finished-at="2023-03-07T13:15:08 ACDT" duration-ms="2697" status="PASS">
          <reporter-output>
          </reporter-output>
        </test-method> <!-- browserSetUp -->
        <test-method signature="test19(java.util.Map)[pri:18, instance:com.edusoln.runner.TestNGRunner@6e521c1e]" started-at="2023-03-07T13:15:08 ACDT" name="test19" data-provider="dp" finished-at="2023-03-07T13:15:42 ACDT" duration-ms="34089" status="FAIL">
          <params>
            <param index="0">
              <value>
                <![CDATA[{EmailID=vrshholkar@gmail.com, LastName=holkar, Pass=Varsha@123, Gmail_url=https://mail.google.com/, FirstName=varsha}]]>
              </value>
            </param>
          </params>
          <exception class="org.openqa.selenium.ElementNotInteractableException">
            <message>
              <![CDATA[element not interactable
  (Session info: chrome=110.0.5481.178)
Build info: version: '4.4.0', revision: 'e5c75ed026a'
System info: host: 'DESKTOP-GEL4LN3', ip: '192.168.1.105', os.name: 'Windows 11', os.arch: 'amd64', os.version: '10.0', java.version: '17.0.3'
Driver info: org.openqa.selenium.chrome.ChromeDriver
Command: [4ea5f699fede9a61cd42dc4f3684c35b, clickElement {id=99135b91-f341-413f-85b3-098ee4974618}]
Capabilities {acceptInsecureCerts: false, browserName: chrome, browserVersion: 110.0.5481.178, chrome: {chromedriverVersion: 110.0.5481.77 (65ed616c6e8e..., userDataDir: C:\Users\sinar\AppData\Loca...}, goog:chromeOptions: {debuggerAddress: localhost:51226}, networkConnectionEnabled: false, pageLoadStrategy: normal, platformName: WINDOWS, proxy: Proxy(), se:cdp: ws://localhost:51226/devtoo..., se:cdpVersion: 110.0.5481.178, setWindowRect: true, strictFileInteractability: false, timeouts: {implicit: 0, pageLoad: 300000, script: 30000}, unhandledPromptBehavior: dismiss and notify, webauthn:extension:credBlob: true, webauthn:extension:largeBlob: true, webauthn:virtualAuthenticators: true}
Element: [[ChromeDriver: chrome on WINDOWS (4ea5f699fede9a61cd42dc4f3684c35b)] -> xpath: //div[@class='ae4 aDM nH oy8Mbf']//td[@data-tooltip='Select']//div[@role='checkbox']]
Session ID: 4ea5f699fede9a61cd42dc4f3684c35b]]>
            </message>
            <full-stacktrace>
              <![CDATA[org.openqa.selenium.ElementNotInteractableException: element not interactable
  (Session info: chrome=110.0.5481.178)
Build info: version: '4.4.0', revision: 'e5c75ed026a'
System info: host: 'DESKTOP-GEL4LN3', ip: '192.168.1.105', os.name: 'Windows 11', os.arch: 'amd64', os.version: '10.0', java.version: '17.0.3'
Driver info: org.openqa.selenium.chrome.ChromeDriver
Command: [4ea5f699fede9a61cd42dc4f3684c35b, clickElement {id=99135b91-f341-413f-85b3-098ee4974618}]
Capabilities {acceptInsecureCerts: false, browserName: chrome, browserVersion: 110.0.5481.178, chrome: {chromedriverVersion: 110.0.5481.77 (65ed616c6e8e..., userDataDir: C:\Users\sinar\AppData\Loca...}, goog:chromeOptions: {debuggerAddress: localhost:51226}, networkConnectionEnabled: false, pageLoadStrategy: normal, platformName: WINDOWS, proxy: Proxy(), se:cdp: ws://localhost:51226/devtoo..., se:cdpVersion: 110.0.5481.178, setWindowRect: true, strictFileInteractability: false, timeouts: {implicit: 0, pageLoad: 300000, script: 30000}, unhandledPromptBehavior: dismiss and notify, webauthn:extension:credBlob: true, webauthn:extension:largeBlob: true, webauthn:virtualAuthenticators: true}
Element: [[ChromeDriver: chrome on WINDOWS (4ea5f699fede9a61cd42dc4f3684c35b)] -> xpath: //div[@class='ae4 aDM nH oy8Mbf']//td[@data-tooltip='Select']//div[@role='checkbox']]
Session ID: 4ea5f699fede9a61cd42dc4f3684c35b
at java.base/jdk.internal.reflect.NativeConstructorAccessorImpl.newInstance0(Native Method)
at java.base/jdk.internal.reflect.NativeConstructorAccessorImpl.newInstance(NativeConstructorAccessorImpl.java:77)
at java.base/jdk.internal.reflect.DelegatingConstructorAccessorImpl.newInstance(DelegatingConstructorAccessorImpl.java:45)
at java.base/java.lang.reflect.Constructor.newInstanceWithCaller(Constructor.java:499)
at java.base/java.lang.reflect.Constructor.newInstance(Constructor.java:480)
at org.openqa.selenium.remote.codec.w3c.W3CHttpResponseCodec.createException(W3CHttpResponseCodec.java:200)
at org.openqa.selenium.remote.codec.w3c.W3CHttpResponseCodec.decode(W3CHttpResponseCodec.java:133)
at org.openqa.selenium.remote.codec.w3c.W3CHttpResponseCodec.decode(W3CHttpResponseCodec.java:53)
at org.openqa.selenium.remote.HttpCommandExecutor.execute(HttpCommandExecutor.java:184)
at org.openqa.selenium.remote.service.DriverCommandExecutor.invokeExecute(DriverCommandExecutor.java:167)
at org.openqa.selenium.remote.service.DriverCommandExecutor.execute(DriverCommandExecutor.java:142)
at org.openqa.selenium.remote.RemoteWebDriver.execute(RemoteWebDriver.java:547)
at org.openqa.selenium.remote.RemoteWebElement.execute(RemoteWebElement.java:257)
at org.openqa.selenium.remote.RemoteWebElement.click(RemoteWebElement.java:78)
at com.edusoln.pom.MoveToFolder.moveToLable(MoveToFolder.java:49)
at com.edusoln.runner.TestNGRunner.test19(TestNGRunner.java:378)
at java.base/jdk.internal.reflect.NativeMethodAccessorImpl.invoke0(Native Method)
at java.base/jdk.internal.reflect.NativeMethodAccessorImpl.invoke(NativeMethodAccessorImpl.java:77)
at java.base/jdk.internal.reflect.DelegatingMethodAccessorImpl.invoke(DelegatingMethodAccessorImpl.java:43)
at java.base/java.lang.reflect.Method.invoke(Method.java:568)
at org.testng.internal.invokers.MethodInvocationHelper.invokeMethod(MethodInvocationHelper.java:139)
at org.testng.internal.invokers.TestInvoker.invokeMethod(TestInvoker.java:677)
at org.testng.internal.invokers.TestInvoker.invokeTestMethod(TestInvoker.java:221)
at org.testng.internal.invokers.MethodRunner.runInSequence(MethodRunner.java:50)
at org.testng.internal.invokers.TestInvoker$MethodInvocationAgent.invoke(TestInvoker.java:962)
at org.testng.internal.invokers.TestInvoker.invokeTestMethods(TestInvoker.java:194)
at org.testng.internal.invokers.TestMethodWorker.invokeTestMethods(TestMethodWorker.java:148)
at org.testng.internal.invokers.TestMethodWorker.run(TestMethodWorker.java:128)
at java.base/java.util.ArrayList.forEach(ArrayList.java:1511)
at org.testng.TestRunner.privateRun(TestRunner.java:806)
at org.testng.TestRunner.run(TestRunner.java:601)
at org.testng.SuiteRunner.runTest(SuiteRunner.java:433)
at org.testng.SuiteRunner.runSequentially(SuiteRunner.java:427)
at org.testng.SuiteRunner.privateRun(SuiteRunner.java:387)
at org.testng.SuiteRunner.run(SuiteRunner.java:330)
at org.testng.SuiteRunnerWorker.runSuite(SuiteRunnerWorker.java:52)
at org.testng.SuiteRunnerWorker.run(SuiteRunnerWorker.java:95)
at org.testng.TestNG.runSuitesSequentially(TestNG.java:1256)
at org.testng.TestNG.runSuitesLocally(TestNG.java:1176)
at org.testng.TestNG.runSuites(TestNG.java:1099)
at org.testng.TestNG.run(TestNG.java:1067)
at org.testng.remote.AbstractRemoteTestNG.run(AbstractRemoteTestNG.java:115)
at org.testng.remote.RemoteTestNG.initAndRun(RemoteTestNG.java:251)
at org.testng.remote.RemoteTestNG.main(RemoteTestNG.java:77)
]]>
            </full-stacktrace>
          </exception> <!-- org.openqa.selenium.ElementNotInteractableException -->
          <reporter-output>
          </reporter-output>
        </test-method> <!-- test19 -->
        <test-method is-config="true" signature="tearDown()[pri:0, instance:com.edusoln.runner.TestNGRunner@6e521c1e]" started-at="2023-03-07T13:15:42 ACDT" name="tearDown" finished-at="2023-03-07T13:15:42 ACDT" duration-ms="258" status="PASS">
          <reporter-output>
          </reporter-output>
        </test-method> <!-- tearDown -->
        <test-method is-config="true" signature="browserSetUp()[pri:0, instance:com.edusoln.runner.TestNGRunner@6e521c1e]" started-at="2023-03-07T13:15:42 ACDT" name="browserSetUp" finished-at="2023-03-07T13:15:45 ACDT" duration-ms="2589" status="PASS">
          <reporter-output>
          </reporter-output>
        </test-method> <!-- browserSetUp -->
        <test-method signature="test20(java.util.Map)[pri:19, instance:com.edusoln.runner.TestNGRunner@6e521c1e]" started-at="2023-03-07T13:15:45 ACDT" name="test20" data-provider="dp" finished-at="2023-03-07T13:16:11 ACDT" duration-ms="25886" status="PASS">
          <params>
            <param index="0">
              <value>
                <![CDATA[{EmailID=vrshholkar@gmail.com, LastName=holkar, Pass=Varsha@123, Gmail_url=https://mail.google.com/, FirstName=varsha}]]>
              </value>
            </param>
          </params>
          <reporter-output>
          </reporter-output>
        </test-method> <!-- test20 -->
        <test-method is-config="true" signature="tearDown()[pri:0, instance:com.edusoln.runner.TestNGRunner@6e521c1e]" started-at="2023-03-07T13:16:11 ACDT" name="tearDown" finished-at="2023-03-07T13:16:11 ACDT" duration-ms="258" status="PASS">
          <reporter-output>
          </reporter-output>
        </test-method> <!-- tearDown -->
        <test-method is-config="true" signature="afterTest()[pri:0, instance:com.edusoln.runner.TestNGRunner@6e521c1e]" started-at="2023-03-07T13:16:11 ACDT" name="afterTest" finished-at="2023-03-07T13:16:11 ACDT" duration-ms="366" status="PASS">
          <reporter-output>
          </reporter-output>
        </test-method> <!-- afterTest -->
      </class> <!-- com.edusoln.runner.TestNGRunner -->
    </test> <!-- Test -->
  </suite> <!-- Suite -->
</testng-results>
